Start testing: Feb 23 05:07 EST
----------------------------------------------------------
1/35 Testing: TestAction.TestConstructor
1/35 Test: TestAction.TestConstructor
Command: "/home/luca-miniati/programming/gto-plus-plus/gto++/build/tests/test_action" "--gtest_filter=TestAction.TestConstructor" "--gtest_also_run_disabled_tests"
Directory: /home/luca-miniati/programming/gto-plus-plus/gto++/build/tests
"TestAction.TestConstructor" start time: Feb 23 05:07 EST
Output:
----------------------------------------------------------
Running main() from /home/luca-miniati/programming/gto-plus-plus/gto++/build/_deps/googletest-src/googletest/src/gtest_main.cc
Note: Google Test filter = TestAction.TestConstructor
[==========] Running 1 test from 1 test suite.
[----------] Global test environment set-up.
[----------] 1 test from TestAction
[ RUN      ] TestAction.TestConstructor
[       OK ] TestAction.TestConstructor (0 ms)
[----------] 1 test from TestAction (0 ms total)

[----------] Global test environment tear-down
[==========] 1 test from 1 test suite ran. (0 ms total)
[  PASSED  ] 1 test.
<end of output>
Test time =   0.03 sec
----------------------------------------------------------
Test Passed.
"TestAction.TestConstructor" end time: Feb 23 05:07 EST
"TestAction.TestConstructor" time elapsed: 00:00:00
----------------------------------------------------------

2/35 Testing: TestActionAbstraction.TestFixedAbstraction
2/35 Test: TestActionAbstraction.TestFixedAbstraction
Command: "/home/luca-miniati/programming/gto-plus-plus/gto++/build/tests/test_action" "--gtest_filter=TestActionAbstraction.TestFixedAbstraction" "--gtest_also_run_disabled_tests"
Directory: /home/luca-miniati/programming/gto-plus-plus/gto++/build/tests
"TestActionAbstraction.TestFixedAbstraction" start time: Feb 23 05:07 EST
Output:
----------------------------------------------------------
Running main() from /home/luca-miniati/programming/gto-plus-plus/gto++/build/_deps/googletest-src/googletest/src/gtest_main.cc
Note: Google Test filter = TestActionAbstraction.TestFixedAbstraction
[==========] Running 1 test from 1 test suite.
[----------] Global test environment set-up.
[----------] 1 test from TestActionAbstraction
[ RUN      ] TestActionAbstraction.TestFixedAbstraction
[       OK ] TestActionAbstraction.TestFixedAbstraction (0 ms)
[----------] 1 test from TestActionAbstraction (0 ms total)

[----------] Global test environment tear-down
[==========] 1 test from 1 test suite ran. (0 ms total)
[  PASSED  ] 1 test.
<end of output>
Test time =   0.03 sec
----------------------------------------------------------
Test Passed.
"TestActionAbstraction.TestFixedAbstraction" end time: Feb 23 05:07 EST
"TestActionAbstraction.TestFixedAbstraction" time elapsed: 00:00:00
----------------------------------------------------------

3/35 Testing: TestActionAbstraction.TestCheckFoldAbstraction
3/35 Test: TestActionAbstraction.TestCheckFoldAbstraction
Command: "/home/luca-miniati/programming/gto-plus-plus/gto++/build/tests/test_action_abstraction" "--gtest_filter=TestActionAbstraction.TestCheckFoldAbstraction" "--gtest_also_run_disabled_tests"
Directory: /home/luca-miniati/programming/gto-plus-plus/gto++/build/tests
"TestActionAbstraction.TestCheckFoldAbstraction" start time: Feb 23 05:07 EST
Output:
----------------------------------------------------------
Running main() from /home/luca-miniati/programming/gto-plus-plus/gto++/build/_deps/googletest-src/googletest/src/gtest_main.cc
Note: Google Test filter = TestActionAbstraction.TestCheckFoldAbstraction
[==========] Running 1 test from 1 test suite.
[----------] Global test environment set-up.
[----------] 1 test from TestActionAbstraction
[ RUN      ] TestActionAbstraction.TestCheckFoldAbstraction
[       OK ] TestActionAbstraction.TestCheckFoldAbstraction (0 ms)
[----------] 1 test from TestActionAbstraction (0 ms total)

[----------] Global test environment tear-down
[==========] 1 test from 1 test suite ran. (0 ms total)
[  PASSED  ] 1 test.
<end of output>
Test time =   0.02 sec
----------------------------------------------------------
Test Passed.
"TestActionAbstraction.TestCheckFoldAbstraction" end time: Feb 23 05:07 EST
"TestActionAbstraction.TestCheckFoldAbstraction" time elapsed: 00:00:00
----------------------------------------------------------

4/35 Testing: TestIsLegal.BetIsLegalWhenNoBetExists
4/35 Test: TestIsLegal.BetIsLegalWhenNoBetExists
Command: "/home/luca-miniati/programming/gto-plus-plus/gto++/build/tests/test_game_model" "--gtest_filter=TestIsLegal.BetIsLegalWhenNoBetExists" "--gtest_also_run_disabled_tests"
Directory: /home/luca-miniati/programming/gto-plus-plus/gto++/build/tests
"TestIsLegal.BetIsLegalWhenNoBetExists" start time: Feb 23 05:07 EST
Output:
----------------------------------------------------------
Running main() from /home/luca-miniati/programming/gto-plus-plus/gto++/build/_deps/googletest-src/googletest/src/gtest_main.cc
Note: Google Test filter = TestIsLegal.BetIsLegalWhenNoBetExists
[==========] Running 1 test from 1 test suite.
[----------] Global test environment set-up.
[----------] 1 test from TestIsLegal
[ RUN      ] TestIsLegal.BetIsLegalWhenNoBetExists
[       OK ] TestIsLegal.BetIsLegalWhenNoBetExists (0 ms)
[----------] 1 test from TestIsLegal (0 ms total)

[----------] Global test environment tear-down
[==========] 1 test from 1 test suite ran. (0 ms total)
[  PASSED  ] 1 test.
<end of output>
Test time =   0.03 sec
----------------------------------------------------------
Test Passed.
"TestIsLegal.BetIsLegalWhenNoBetExists" end time: Feb 23 05:07 EST
"TestIsLegal.BetIsLegalWhenNoBetExists" time elapsed: 00:00:00
----------------------------------------------------------

5/35 Testing: TestIsLegal.BetIllegalIfBetAlreadyExists
5/35 Test: TestIsLegal.BetIllegalIfBetAlreadyExists
Command: "/home/luca-miniati/programming/gto-plus-plus/gto++/build/tests/test_game_model" "--gtest_filter=TestIsLegal.BetIllegalIfBetAlreadyExists" "--gtest_also_run_disabled_tests"
Directory: /home/luca-miniati/programming/gto-plus-plus/gto++/build/tests
"TestIsLegal.BetIllegalIfBetAlreadyExists" start time: Feb 23 05:07 EST
Output:
----------------------------------------------------------
Running main() from /home/luca-miniati/programming/gto-plus-plus/gto++/build/_deps/googletest-src/googletest/src/gtest_main.cc
Note: Google Test filter = TestIsLegal.BetIllegalIfBetAlreadyExists
[==========] Running 1 test from 1 test suite.
[----------] Global test environment set-up.
[----------] 1 test from TestIsLegal
[ RUN      ] TestIsLegal.BetIllegalIfBetAlreadyExists
[       OK ] TestIsLegal.BetIllegalIfBetAlreadyExists (0 ms)
[----------] 1 test from TestIsLegal (0 ms total)

[----------] Global test environment tear-down
[==========] 1 test from 1 test suite ran. (0 ms total)
[  PASSED  ] 1 test.
<end of output>
Test time =   0.02 sec
----------------------------------------------------------
Test Passed.
"TestIsLegal.BetIllegalIfBetAlreadyExists" end time: Feb 23 05:07 EST
"TestIsLegal.BetIllegalIfBetAlreadyExists" time elapsed: 00:00:00
----------------------------------------------------------

6/35 Testing: TestIsLegal.CheckLegalWhenNoBet
6/35 Test: TestIsLegal.CheckLegalWhenNoBet
Command: "/home/luca-miniati/programming/gto-plus-plus/gto++/build/tests/test_game_model" "--gtest_filter=TestIsLegal.CheckLegalWhenNoBet" "--gtest_also_run_disabled_tests"
Directory: /home/luca-miniati/programming/gto-plus-plus/gto++/build/tests
"TestIsLegal.CheckLegalWhenNoBet" start time: Feb 23 05:07 EST
Output:
----------------------------------------------------------
Running main() from /home/luca-miniati/programming/gto-plus-plus/gto++/build/_deps/googletest-src/googletest/src/gtest_main.cc
Note: Google Test filter = TestIsLegal.CheckLegalWhenNoBet
[==========] Running 1 test from 1 test suite.
[----------] Global test environment set-up.
[----------] 1 test from TestIsLegal
[ RUN      ] TestIsLegal.CheckLegalWhenNoBet
[       OK ] TestIsLegal.CheckLegalWhenNoBet (0 ms)
[----------] 1 test from TestIsLegal (0 ms total)

[----------] Global test environment tear-down
[==========] 1 test from 1 test suite ran. (0 ms total)
[  PASSED  ] 1 test.
<end of output>
Test time =   0.02 sec
----------------------------------------------------------
Test Passed.
"TestIsLegal.CheckLegalWhenNoBet" end time: Feb 23 05:07 EST
"TestIsLegal.CheckLegalWhenNoBet" time elapsed: 00:00:00
----------------------------------------------------------

7/35 Testing: TestIsLegal.CheckIllegalFacingBet
7/35 Test: TestIsLegal.CheckIllegalFacingBet
Command: "/home/luca-miniati/programming/gto-plus-plus/gto++/build/tests/test_game_model" "--gtest_filter=TestIsLegal.CheckIllegalFacingBet" "--gtest_also_run_disabled_tests"
Directory: /home/luca-miniati/programming/gto-plus-plus/gto++/build/tests
"TestIsLegal.CheckIllegalFacingBet" start time: Feb 23 05:07 EST
Output:
----------------------------------------------------------
Running main() from /home/luca-miniati/programming/gto-plus-plus/gto++/build/_deps/googletest-src/googletest/src/gtest_main.cc
Note: Google Test filter = TestIsLegal.CheckIllegalFacingBet
[==========] Running 1 test from 1 test suite.
[----------] Global test environment set-up.
[----------] 1 test from TestIsLegal
[ RUN      ] TestIsLegal.CheckIllegalFacingBet
[       OK ] TestIsLegal.CheckIllegalFacingBet (0 ms)
[----------] 1 test from TestIsLegal (0 ms total)

[----------] Global test environment tear-down
[==========] 1 test from 1 test suite ran. (0 ms total)
[  PASSED  ] 1 test.
<end of output>
Test time =   0.02 sec
----------------------------------------------------------
Test Passed.
"TestIsLegal.CheckIllegalFacingBet" end time: Feb 23 05:07 EST
"TestIsLegal.CheckIllegalFacingBet" time elapsed: 00:00:00
----------------------------------------------------------

8/35 Testing: TestIsLegal.CallLegalFacingBet
8/35 Test: TestIsLegal.CallLegalFacingBet
Command: "/home/luca-miniati/programming/gto-plus-plus/gto++/build/tests/test_game_model" "--gtest_filter=TestIsLegal.CallLegalFacingBet" "--gtest_also_run_disabled_tests"
Directory: /home/luca-miniati/programming/gto-plus-plus/gto++/build/tests
"TestIsLegal.CallLegalFacingBet" start time: Feb 23 05:07 EST
Output:
----------------------------------------------------------
Running main() from /home/luca-miniati/programming/gto-plus-plus/gto++/build/_deps/googletest-src/googletest/src/gtest_main.cc
Note: Google Test filter = TestIsLegal.CallLegalFacingBet
[==========] Running 1 test from 1 test suite.
[----------] Global test environment set-up.
[----------] 1 test from TestIsLegal
[ RUN      ] TestIsLegal.CallLegalFacingBet
[       OK ] TestIsLegal.CallLegalFacingBet (0 ms)
[----------] 1 test from TestIsLegal (0 ms total)

[----------] Global test environment tear-down
[==========] 1 test from 1 test suite ran. (0 ms total)
[  PASSED  ] 1 test.
<end of output>
Test time =   0.02 sec
----------------------------------------------------------
Test Passed.
"TestIsLegal.CallLegalFacingBet" end time: Feb 23 05:07 EST
"TestIsLegal.CallLegalFacingBet" time elapsed: 00:00:00
----------------------------------------------------------

9/35 Testing: TestIsLegal.CallIllegalIfNoBet
9/35 Test: TestIsLegal.CallIllegalIfNoBet
Command: "/home/luca-miniati/programming/gto-plus-plus/gto++/build/tests/test_game_model" "--gtest_filter=TestIsLegal.CallIllegalIfNoBet" "--gtest_also_run_disabled_tests"
Directory: /home/luca-miniati/programming/gto-plus-plus/gto++/build/tests
"TestIsLegal.CallIllegalIfNoBet" start time: Feb 23 05:07 EST
Output:
----------------------------------------------------------
Running main() from /home/luca-miniati/programming/gto-plus-plus/gto++/build/_deps/googletest-src/googletest/src/gtest_main.cc
Note: Google Test filter = TestIsLegal.CallIllegalIfNoBet
[==========] Running 1 test from 1 test suite.
[----------] Global test environment set-up.
[----------] 1 test from TestIsLegal
[ RUN      ] TestIsLegal.CallIllegalIfNoBet
[       OK ] TestIsLegal.CallIllegalIfNoBet (0 ms)
[----------] 1 test from TestIsLegal (0 ms total)

[----------] Global test environment tear-down
[==========] 1 test from 1 test suite ran. (0 ms total)
[  PASSED  ] 1 test.
<end of output>
Test time =   0.03 sec
----------------------------------------------------------
Test Passed.
"TestIsLegal.CallIllegalIfNoBet" end time: Feb 23 05:07 EST
"TestIsLegal.CallIllegalIfNoBet" time elapsed: 00:00:00
----------------------------------------------------------

10/35 Testing: TestIsLegal.RaiseLegalWithProperSize
10/35 Test: TestIsLegal.RaiseLegalWithProperSize
Command: "/home/luca-miniati/programming/gto-plus-plus/gto++/build/tests/test_game_model" "--gtest_filter=TestIsLegal.RaiseLegalWithProperSize" "--gtest_also_run_disabled_tests"
Directory: /home/luca-miniati/programming/gto-plus-plus/gto++/build/tests
"TestIsLegal.RaiseLegalWithProperSize" start time: Feb 23 05:07 EST
Output:
----------------------------------------------------------
Running main() from /home/luca-miniati/programming/gto-plus-plus/gto++/build/_deps/googletest-src/googletest/src/gtest_main.cc
Note: Google Test filter = TestIsLegal.RaiseLegalWithProperSize
[==========] Running 1 test from 1 test suite.
[----------] Global test environment set-up.
[----------] 1 test from TestIsLegal
[ RUN      ] TestIsLegal.RaiseLegalWithProperSize
[       OK ] TestIsLegal.RaiseLegalWithProperSize (0 ms)
[----------] 1 test from TestIsLegal (0 ms total)

[----------] Global test environment tear-down
[==========] 1 test from 1 test suite ran. (1 ms total)
[  PASSED  ] 1 test.
<end of output>
Test time =   0.03 sec
----------------------------------------------------------
Test Passed.
"TestIsLegal.RaiseLegalWithProperSize" end time: Feb 23 05:07 EST
"TestIsLegal.RaiseLegalWithProperSize" time elapsed: 00:00:00
----------------------------------------------------------

11/35 Testing: TestIsLegal.RaiseIllegalIfTooSmall
11/35 Test: TestIsLegal.RaiseIllegalIfTooSmall
Command: "/home/luca-miniati/programming/gto-plus-plus/gto++/build/tests/test_game_model" "--gtest_filter=TestIsLegal.RaiseIllegalIfTooSmall" "--gtest_also_run_disabled_tests"
Directory: /home/luca-miniati/programming/gto-plus-plus/gto++/build/tests
"TestIsLegal.RaiseIllegalIfTooSmall" start time: Feb 23 05:07 EST
Output:
----------------------------------------------------------
Running main() from /home/luca-miniati/programming/gto-plus-plus/gto++/build/_deps/googletest-src/googletest/src/gtest_main.cc
Note: Google Test filter = TestIsLegal.RaiseIllegalIfTooSmall
[==========] Running 1 test from 1 test suite.
[----------] Global test environment set-up.
[----------] 1 test from TestIsLegal
[ RUN      ] TestIsLegal.RaiseIllegalIfTooSmall
[       OK ] TestIsLegal.RaiseIllegalIfTooSmall (0 ms)
[----------] 1 test from TestIsLegal (0 ms total)

[----------] Global test environment tear-down
[==========] 1 test from 1 test suite ran. (0 ms total)
[  PASSED  ] 1 test.
<end of output>
Test time =   0.02 sec
----------------------------------------------------------
Test Passed.
"TestIsLegal.RaiseIllegalIfTooSmall" end time: Feb 23 05:07 EST
"TestIsLegal.RaiseIllegalIfTooSmall" time elapsed: 00:00:00
----------------------------------------------------------

12/35 Testing: TestIsLegal.RaiseIllegalIfNoBetExists
12/35 Test: TestIsLegal.RaiseIllegalIfNoBetExists
Command: "/home/luca-miniati/programming/gto-plus-plus/gto++/build/tests/test_game_model" "--gtest_filter=TestIsLegal.RaiseIllegalIfNoBetExists" "--gtest_also_run_disabled_tests"
Directory: /home/luca-miniati/programming/gto-plus-plus/gto++/build/tests
"TestIsLegal.RaiseIllegalIfNoBetExists" start time: Feb 23 05:07 EST
Output:
----------------------------------------------------------
Running main() from /home/luca-miniati/programming/gto-plus-plus/gto++/build/_deps/googletest-src/googletest/src/gtest_main.cc
Note: Google Test filter = TestIsLegal.RaiseIllegalIfNoBetExists
[==========] Running 1 test from 1 test suite.
[----------] Global test environment set-up.
[----------] 1 test from TestIsLegal
[ RUN      ] TestIsLegal.RaiseIllegalIfNoBetExists
[       OK ] TestIsLegal.RaiseIllegalIfNoBetExists (0 ms)
[----------] 1 test from TestIsLegal (0 ms total)

[----------] Global test environment tear-down
[==========] 1 test from 1 test suite ran. (0 ms total)
[  PASSED  ] 1 test.
<end of output>
Test time =   0.03 sec
----------------------------------------------------------
Test Passed.
"TestIsLegal.RaiseIllegalIfNoBetExists" end time: Feb 23 05:07 EST
"TestIsLegal.RaiseIllegalIfNoBetExists" time elapsed: 00:00:00
----------------------------------------------------------

13/35 Testing: TestIsLegal.RaiseLegalIfAllin
13/35 Test: TestIsLegal.RaiseLegalIfAllin
Command: "/home/luca-miniati/programming/gto-plus-plus/gto++/build/tests/test_game_model" "--gtest_filter=TestIsLegal.RaiseLegalIfAllin" "--gtest_also_run_disabled_tests"
Directory: /home/luca-miniati/programming/gto-plus-plus/gto++/build/tests
"TestIsLegal.RaiseLegalIfAllin" start time: Feb 23 05:07 EST
Output:
----------------------------------------------------------
Running main() from /home/luca-miniati/programming/gto-plus-plus/gto++/build/_deps/googletest-src/googletest/src/gtest_main.cc
Note: Google Test filter = TestIsLegal.RaiseLegalIfAllin
[==========] Running 1 test from 1 test suite.
[----------] Global test environment set-up.
[----------] 1 test from TestIsLegal
[ RUN      ] TestIsLegal.RaiseLegalIfAllin
[       OK ] TestIsLegal.RaiseLegalIfAllin (0 ms)
[----------] 1 test from TestIsLegal (0 ms total)

[----------] Global test environment tear-down
[==========] 1 test from 1 test suite ran. (0 ms total)
[  PASSED  ] 1 test.
<end of output>
Test time =   0.02 sec
----------------------------------------------------------
Test Passed.
"TestIsLegal.RaiseLegalIfAllin" end time: Feb 23 05:07 EST
"TestIsLegal.RaiseLegalIfAllin" time elapsed: 00:00:00
----------------------------------------------------------

14/35 Testing: TestStep.BetUpdatesStateCorrectly
14/35 Test: TestStep.BetUpdatesStateCorrectly
Command: "/home/luca-miniati/programming/gto-plus-plus/gto++/build/tests/test_game_model" "--gtest_filter=TestStep.BetUpdatesStateCorrectly" "--gtest_also_run_disabled_tests"
Directory: /home/luca-miniati/programming/gto-plus-plus/gto++/build/tests
"TestStep.BetUpdatesStateCorrectly" start time: Feb 23 05:07 EST
Output:
----------------------------------------------------------
Running main() from /home/luca-miniati/programming/gto-plus-plus/gto++/build/_deps/googletest-src/googletest/src/gtest_main.cc
Note: Google Test filter = TestStep.BetUpdatesStateCorrectly
[==========] Running 1 test from 1 test suite.
[----------] Global test environment set-up.
[----------] 1 test from TestStep
[ RUN      ] TestStep.BetUpdatesStateCorrectly
[       OK ] TestStep.BetUpdatesStateCorrectly (0 ms)
[----------] 1 test from TestStep (0 ms total)

[----------] Global test environment tear-down
[==========] 1 test from 1 test suite ran. (0 ms total)
[  PASSED  ] 1 test.
<end of output>
Test time =   0.02 sec
----------------------------------------------------------
Test Passed.
"TestStep.BetUpdatesStateCorrectly" end time: Feb 23 05:07 EST
"TestStep.BetUpdatesStateCorrectly" time elapsed: 00:00:00
----------------------------------------------------------

15/35 Testing: TestStep.BetDecreasesActorStack
15/35 Test: TestStep.BetDecreasesActorStack
Command: "/home/luca-miniati/programming/gto-plus-plus/gto++/build/tests/test_game_model" "--gtest_filter=TestStep.BetDecreasesActorStack" "--gtest_also_run_disabled_tests"
Directory: /home/luca-miniati/programming/gto-plus-plus/gto++/build/tests
"TestStep.BetDecreasesActorStack" start time: Feb 23 05:07 EST
Output:
----------------------------------------------------------
Running main() from /home/luca-miniati/programming/gto-plus-plus/gto++/build/_deps/googletest-src/googletest/src/gtest_main.cc
Note: Google Test filter = TestStep.BetDecreasesActorStack
[==========] Running 1 test from 1 test suite.
[----------] Global test environment set-up.
[----------] 1 test from TestStep
[ RUN      ] TestStep.BetDecreasesActorStack
[       OK ] TestStep.BetDecreasesActorStack (0 ms)
[----------] 1 test from TestStep (0 ms total)

[----------] Global test environment tear-down
[==========] 1 test from 1 test suite ran. (1 ms total)
[  PASSED  ] 1 test.
<end of output>
Test time =   0.03 sec
----------------------------------------------------------
Test Passed.
"TestStep.BetDecreasesActorStack" end time: Feb 23 05:07 EST
"TestStep.BetDecreasesActorStack" time elapsed: 00:00:00
----------------------------------------------------------

16/35 Testing: TestStep.CallOnFlopAdvancesToTurn
16/35 Test: TestStep.CallOnFlopAdvancesToTurn
Command: "/home/luca-miniati/programming/gto-plus-plus/gto++/build/tests/test_game_model" "--gtest_filter=TestStep.CallOnFlopAdvancesToTurn" "--gtest_also_run_disabled_tests"
Directory: /home/luca-miniati/programming/gto-plus-plus/gto++/build/tests
"TestStep.CallOnFlopAdvancesToTurn" start time: Feb 23 05:07 EST
Output:
----------------------------------------------------------
Running main() from /home/luca-miniati/programming/gto-plus-plus/gto++/build/_deps/googletest-src/googletest/src/gtest_main.cc
Note: Google Test filter = TestStep.CallOnFlopAdvancesToTurn
[==========] Running 1 test from 1 test suite.
[----------] Global test environment set-up.
[----------] 1 test from TestStep
[ RUN      ] TestStep.CallOnFlopAdvancesToTurn
[       OK ] TestStep.CallOnFlopAdvancesToTurn (0 ms)
[----------] 1 test from TestStep (0 ms total)

[----------] Global test environment tear-down
[==========] 1 test from 1 test suite ran. (0 ms total)
[  PASSED  ] 1 test.
<end of output>
Test time =   0.03 sec
----------------------------------------------------------
Test Passed.
"TestStep.CallOnFlopAdvancesToTurn" end time: Feb 23 05:07 EST
"TestStep.CallOnFlopAdvancesToTurn" time elapsed: 00:00:00
----------------------------------------------------------

17/35 Testing: TestStep.CallOnTurnAdvancesToRiver
17/35 Test: TestStep.CallOnTurnAdvancesToRiver
Command: "/home/luca-miniati/programming/gto-plus-plus/gto++/build/tests/test_game_model" "--gtest_filter=TestStep.CallOnTurnAdvancesToRiver" "--gtest_also_run_disabled_tests"
Directory: /home/luca-miniati/programming/gto-plus-plus/gto++/build/tests
"TestStep.CallOnTurnAdvancesToRiver" start time: Feb 23 05:07 EST
Output:
----------------------------------------------------------
Running main() from /home/luca-miniati/programming/gto-plus-plus/gto++/build/_deps/googletest-src/googletest/src/gtest_main.cc
Note: Google Test filter = TestStep.CallOnTurnAdvancesToRiver
[==========] Running 1 test from 1 test suite.
[----------] Global test environment set-up.
[----------] 1 test from TestStep
[ RUN      ] TestStep.CallOnTurnAdvancesToRiver
[       OK ] TestStep.CallOnTurnAdvancesToRiver (0 ms)
[----------] 1 test from TestStep (0 ms total)

[----------] Global test environment tear-down
[==========] 1 test from 1 test suite ran. (0 ms total)
[  PASSED  ] 1 test.
<end of output>
Test time =   0.02 sec
----------------------------------------------------------
Test Passed.
"TestStep.CallOnTurnAdvancesToRiver" end time: Feb 23 05:07 EST
"TestStep.CallOnTurnAdvancesToRiver" time elapsed: 00:00:00
----------------------------------------------------------

18/35 Testing: TestStep.CallOnRiverMakesTerminal
18/35 Test: TestStep.CallOnRiverMakesTerminal
Command: "/home/luca-miniati/programming/gto-plus-plus/gto++/build/tests/test_game_model" "--gtest_filter=TestStep.CallOnRiverMakesTerminal" "--gtest_also_run_disabled_tests"
Directory: /home/luca-miniati/programming/gto-plus-plus/gto++/build/tests
"TestStep.CallOnRiverMakesTerminal" start time: Feb 23 05:07 EST
Output:
----------------------------------------------------------
Running main() from /home/luca-miniati/programming/gto-plus-plus/gto++/build/_deps/googletest-src/googletest/src/gtest_main.cc
Note: Google Test filter = TestStep.CallOnRiverMakesTerminal
[==========] Running 1 test from 1 test suite.
[----------] Global test environment set-up.
[----------] 1 test from TestStep
[ RUN      ] TestStep.CallOnRiverMakesTerminal
[       OK ] TestStep.CallOnRiverMakesTerminal (0 ms)
[----------] 1 test from TestStep (0 ms total)

[----------] Global test environment tear-down
[==========] 1 test from 1 test suite ran. (0 ms total)
[  PASSED  ] 1 test.
<end of output>
Test time =   0.02 sec
----------------------------------------------------------
Test Passed.
"TestStep.CallOnRiverMakesTerminal" end time: Feb 23 05:07 EST
"TestStep.CallOnRiverMakesTerminal" time elapsed: 00:00:00
----------------------------------------------------------

19/35 Testing: TestStep.CallUpdatesStackCorrectly
19/35 Test: TestStep.CallUpdatesStackCorrectly
Command: "/home/luca-miniati/programming/gto-plus-plus/gto++/build/tests/test_game_model" "--gtest_filter=TestStep.CallUpdatesStackCorrectly" "--gtest_also_run_disabled_tests"
Directory: /home/luca-miniati/programming/gto-plus-plus/gto++/build/tests
"TestStep.CallUpdatesStackCorrectly" start time: Feb 23 05:07 EST
Output:
----------------------------------------------------------
Running main() from /home/luca-miniati/programming/gto-plus-plus/gto++/build/_deps/googletest-src/googletest/src/gtest_main.cc
Note: Google Test filter = TestStep.CallUpdatesStackCorrectly
[==========] Running 1 test from 1 test suite.
[----------] Global test environment set-up.
[----------] 1 test from TestStep
[ RUN      ] TestStep.CallUpdatesStackCorrectly
[       OK ] TestStep.CallUpdatesStackCorrectly (0 ms)
[----------] 1 test from TestStep (0 ms total)

[----------] Global test environment tear-down
[==========] 1 test from 1 test suite ran. (1 ms total)
[  PASSED  ] 1 test.
<end of output>
Test time =   0.03 sec
----------------------------------------------------------
Test Passed.
"TestStep.CallUpdatesStackCorrectly" end time: Feb 23 05:07 EST
"TestStep.CallUpdatesStackCorrectly" time elapsed: 00:00:00
----------------------------------------------------------

20/35 Testing: TestStep.FirstCheckPassesToOpponent
20/35 Test: TestStep.FirstCheckPassesToOpponent
Command: "/home/luca-miniati/programming/gto-plus-plus/gto++/build/tests/test_game_model" "--gtest_filter=TestStep.FirstCheckPassesToOpponent" "--gtest_also_run_disabled_tests"
Directory: /home/luca-miniati/programming/gto-plus-plus/gto++/build/tests
"TestStep.FirstCheckPassesToOpponent" start time: Feb 23 05:07 EST
Output:
----------------------------------------------------------
Running main() from /home/luca-miniati/programming/gto-plus-plus/gto++/build/_deps/googletest-src/googletest/src/gtest_main.cc
Note: Google Test filter = TestStep.FirstCheckPassesToOpponent
[==========] Running 1 test from 1 test suite.
[----------] Global test environment set-up.
[----------] 1 test from TestStep
[ RUN      ] TestStep.FirstCheckPassesToOpponent
[       OK ] TestStep.FirstCheckPassesToOpponent (0 ms)
[----------] 1 test from TestStep (0 ms total)

[----------] Global test environment tear-down
[==========] 1 test from 1 test suite ran. (0 ms total)
[  PASSED  ] 1 test.
<end of output>
Test time =   0.03 sec
----------------------------------------------------------
Test Passed.
"TestStep.FirstCheckPassesToOpponent" end time: Feb 23 05:07 EST
"TestStep.FirstCheckPassesToOpponent" time elapsed: 00:00:00
----------------------------------------------------------

21/35 Testing: TestStep.SecondCheckOnFlopAdvancesToTurn
21/35 Test: TestStep.SecondCheckOnFlopAdvancesToTurn
Command: "/home/luca-miniati/programming/gto-plus-plus/gto++/build/tests/test_game_model" "--gtest_filter=TestStep.SecondCheckOnFlopAdvancesToTurn" "--gtest_also_run_disabled_tests"
Directory: /home/luca-miniati/programming/gto-plus-plus/gto++/build/tests
"TestStep.SecondCheckOnFlopAdvancesToTurn" start time: Feb 23 05:07 EST
Output:
----------------------------------------------------------
Running main() from /home/luca-miniati/programming/gto-plus-plus/gto++/build/_deps/googletest-src/googletest/src/gtest_main.cc
Note: Google Test filter = TestStep.SecondCheckOnFlopAdvancesToTurn
[==========] Running 1 test from 1 test suite.
[----------] Global test environment set-up.
[----------] 1 test from TestStep
[ RUN      ] TestStep.SecondCheckOnFlopAdvancesToTurn
[       OK ] TestStep.SecondCheckOnFlopAdvancesToTurn (0 ms)
[----------] 1 test from TestStep (0 ms total)

[----------] Global test environment tear-down
[==========] 1 test from 1 test suite ran. (0 ms total)
[  PASSED  ] 1 test.
<end of output>
Test time =   0.02 sec
----------------------------------------------------------
Test Passed.
"TestStep.SecondCheckOnFlopAdvancesToTurn" end time: Feb 23 05:07 EST
"TestStep.SecondCheckOnFlopAdvancesToTurn" time elapsed: 00:00:00
----------------------------------------------------------

22/35 Testing: TestStep.SecondCheckOnTurnAdvancesToRiver
22/35 Test: TestStep.SecondCheckOnTurnAdvancesToRiver
Command: "/home/luca-miniati/programming/gto-plus-plus/gto++/build/tests/test_game_model" "--gtest_filter=TestStep.SecondCheckOnTurnAdvancesToRiver" "--gtest_also_run_disabled_tests"
Directory: /home/luca-miniati/programming/gto-plus-plus/gto++/build/tests
"TestStep.SecondCheckOnTurnAdvancesToRiver" start time: Feb 23 05:07 EST
Output:
----------------------------------------------------------
Running main() from /home/luca-miniati/programming/gto-plus-plus/gto++/build/_deps/googletest-src/googletest/src/gtest_main.cc
Note: Google Test filter = TestStep.SecondCheckOnTurnAdvancesToRiver
[==========] Running 1 test from 1 test suite.
[----------] Global test environment set-up.
[----------] 1 test from TestStep
[ RUN      ] TestStep.SecondCheckOnTurnAdvancesToRiver
[       OK ] TestStep.SecondCheckOnTurnAdvancesToRiver (0 ms)
[----------] 1 test from TestStep (0 ms total)

[----------] Global test environment tear-down
[==========] 1 test from 1 test suite ran. (1 ms total)
[  PASSED  ] 1 test.
<end of output>
Test time =   0.03 sec
----------------------------------------------------------
Test Passed.
"TestStep.SecondCheckOnTurnAdvancesToRiver" end time: Feb 23 05:07 EST
"TestStep.SecondCheckOnTurnAdvancesToRiver" time elapsed: 00:00:00
----------------------------------------------------------

23/35 Testing: TestStep.SecondCheckOnRiverMakesTerminal
23/35 Test: TestStep.SecondCheckOnRiverMakesTerminal
Command: "/home/luca-miniati/programming/gto-plus-plus/gto++/build/tests/test_game_model" "--gtest_filter=TestStep.SecondCheckOnRiverMakesTerminal" "--gtest_also_run_disabled_tests"
Directory: /home/luca-miniati/programming/gto-plus-plus/gto++/build/tests
"TestStep.SecondCheckOnRiverMakesTerminal" start time: Feb 23 05:07 EST
Output:
----------------------------------------------------------
Running main() from /home/luca-miniati/programming/gto-plus-plus/gto++/build/_deps/googletest-src/googletest/src/gtest_main.cc
Note: Google Test filter = TestStep.SecondCheckOnRiverMakesTerminal
[==========] Running 1 test from 1 test suite.
[----------] Global test environment set-up.
[----------] 1 test from TestStep
[ RUN      ] TestStep.SecondCheckOnRiverMakesTerminal
[       OK ] TestStep.SecondCheckOnRiverMakesTerminal (0 ms)
[----------] 1 test from TestStep (0 ms total)

[----------] Global test environment tear-down
[==========] 1 test from 1 test suite ran. (1 ms total)
[  PASSED  ] 1 test.
<end of output>
Test time =   0.03 sec
----------------------------------------------------------
Test Passed.
"TestStep.SecondCheckOnRiverMakesTerminal" end time: Feb 23 05:07 EST
"TestStep.SecondCheckOnRiverMakesTerminal" time elapsed: 00:00:00
----------------------------------------------------------

24/35 Testing: TestStep.FoldMakesGameTerminal
24/35 Test: TestStep.FoldMakesGameTerminal
Command: "/home/luca-miniati/programming/gto-plus-plus/gto++/build/tests/test_game_model" "--gtest_filter=TestStep.FoldMakesGameTerminal" "--gtest_also_run_disabled_tests"
Directory: /home/luca-miniati/programming/gto-plus-plus/gto++/build/tests
"TestStep.FoldMakesGameTerminal" start time: Feb 23 05:07 EST
Output:
----------------------------------------------------------
Running main() from /home/luca-miniati/programming/gto-plus-plus/gto++/build/_deps/googletest-src/googletest/src/gtest_main.cc
Note: Google Test filter = TestStep.FoldMakesGameTerminal
[==========] Running 1 test from 1 test suite.
[----------] Global test environment set-up.
[----------] 1 test from TestStep
[ RUN      ] TestStep.FoldMakesGameTerminal
[       OK ] TestStep.FoldMakesGameTerminal (0 ms)
[----------] 1 test from TestStep (0 ms total)

[----------] Global test environment tear-down
[==========] 1 test from 1 test suite ran. (0 ms total)
[  PASSED  ] 1 test.
<end of output>
Test time =   0.02 sec
----------------------------------------------------------
Test Passed.
"TestStep.FoldMakesGameTerminal" end time: Feb 23 05:07 EST
"TestStep.FoldMakesGameTerminal" time elapsed: 00:00:00
----------------------------------------------------------

25/35 Testing: TestStep.RaiseUpdatesStateCorrectly
25/35 Test: TestStep.RaiseUpdatesStateCorrectly
Command: "/home/luca-miniati/programming/gto-plus-plus/gto++/build/tests/test_game_model" "--gtest_filter=TestStep.RaiseUpdatesStateCorrectly" "--gtest_also_run_disabled_tests"
Directory: /home/luca-miniati/programming/gto-plus-plus/gto++/build/tests
"TestStep.RaiseUpdatesStateCorrectly" start time: Feb 23 05:07 EST
Output:
----------------------------------------------------------
Running main() from /home/luca-miniati/programming/gto-plus-plus/gto++/build/_deps/googletest-src/googletest/src/gtest_main.cc
Note: Google Test filter = TestStep.RaiseUpdatesStateCorrectly
[==========] Running 1 test from 1 test suite.
[----------] Global test environment set-up.
[----------] 1 test from TestStep
[ RUN      ] TestStep.RaiseUpdatesStateCorrectly
[       OK ] TestStep.RaiseUpdatesStateCorrectly (1 ms)
[----------] 1 test from TestStep (1 ms total)

[----------] Global test environment tear-down
[==========] 1 test from 1 test suite ran. (1 ms total)
[  PASSED  ] 1 test.
<end of output>
Test time =   0.03 sec
----------------------------------------------------------
Test Passed.
"TestStep.RaiseUpdatesStateCorrectly" end time: Feb 23 05:07 EST
"TestStep.RaiseUpdatesStateCorrectly" time elapsed: 00:00:00
----------------------------------------------------------

26/35 Testing: TestStep.RaiseAfterRaiseIncrementsRaiseCount
26/35 Test: TestStep.RaiseAfterRaiseIncrementsRaiseCount
Command: "/home/luca-miniati/programming/gto-plus-plus/gto++/build/tests/test_game_model" "--gtest_filter=TestStep.RaiseAfterRaiseIncrementsRaiseCount" "--gtest_also_run_disabled_tests"
Directory: /home/luca-miniati/programming/gto-plus-plus/gto++/build/tests
"TestStep.RaiseAfterRaiseIncrementsRaiseCount" start time: Feb 23 05:07 EST
Output:
----------------------------------------------------------
Running main() from /home/luca-miniati/programming/gto-plus-plus/gto++/build/_deps/googletest-src/googletest/src/gtest_main.cc
Note: Google Test filter = TestStep.RaiseAfterRaiseIncrementsRaiseCount
[==========] Running 1 test from 1 test suite.
[----------] Global test environment set-up.
[----------] 1 test from TestStep
[ RUN      ] TestStep.RaiseAfterRaiseIncrementsRaiseCount
[       OK ] TestStep.RaiseAfterRaiseIncrementsRaiseCount (0 ms)
[----------] 1 test from TestStep (0 ms total)

[----------] Global test environment tear-down
[==========] 1 test from 1 test suite ran. (0 ms total)
[  PASSED  ] 1 test.
<end of output>
Test time =   0.02 sec
----------------------------------------------------------
Test Passed.
"TestStep.RaiseAfterRaiseIncrementsRaiseCount" end time: Feb 23 05:07 EST
"TestStep.RaiseAfterRaiseIncrementsRaiseCount" time elapsed: 00:00:00
----------------------------------------------------------

27/35 Testing: TestStep.RaiseAllInScenario
27/35 Test: TestStep.RaiseAllInScenario
Command: "/home/luca-miniati/programming/gto-plus-plus/gto++/build/tests/test_game_model" "--gtest_filter=TestStep.RaiseAllInScenario" "--gtest_also_run_disabled_tests"
Directory: /home/luca-miniati/programming/gto-plus-plus/gto++/build/tests
"TestStep.RaiseAllInScenario" start time: Feb 23 05:07 EST
Output:
----------------------------------------------------------
Running main() from /home/luca-miniati/programming/gto-plus-plus/gto++/build/_deps/googletest-src/googletest/src/gtest_main.cc
Note: Google Test filter = TestStep.RaiseAllInScenario
[==========] Running 1 test from 1 test suite.
[----------] Global test environment set-up.
[----------] 1 test from TestStep
[ RUN      ] TestStep.RaiseAllInScenario
[       OK ] TestStep.RaiseAllInScenario (0 ms)
[----------] 1 test from TestStep (0 ms total)

[----------] Global test environment tear-down
[==========] 1 test from 1 test suite ran. (0 ms total)
[  PASSED  ] 1 test.
<end of output>
Test time =   0.03 sec
----------------------------------------------------------
Test Passed.
"TestStep.RaiseAllInScenario" end time: Feb 23 05:07 EST
"TestStep.RaiseAllInScenario" time elapsed: 00:00:00
----------------------------------------------------------

28/35 Testing: TestStep.HistoryIsUpdatedWithAction
28/35 Test: TestStep.HistoryIsUpdatedWithAction
Command: "/home/luca-miniati/programming/gto-plus-plus/gto++/build/tests/test_game_model" "--gtest_filter=TestStep.HistoryIsUpdatedWithAction" "--gtest_also_run_disabled_tests"
Directory: /home/luca-miniati/programming/gto-plus-plus/gto++/build/tests
"TestStep.HistoryIsUpdatedWithAction" start time: Feb 23 05:07 EST
Output:
----------------------------------------------------------
Running main() from /home/luca-miniati/programming/gto-plus-plus/gto++/build/_deps/googletest-src/googletest/src/gtest_main.cc
Note: Google Test filter = TestStep.HistoryIsUpdatedWithAction
[==========] Running 1 test from 1 test suite.
[----------] Global test environment set-up.
[----------] 1 test from TestStep
[ RUN      ] TestStep.HistoryIsUpdatedWithAction
[       OK ] TestStep.HistoryIsUpdatedWithAction (0 ms)
[----------] 1 test from TestStep (0 ms total)

[----------] Global test environment tear-down
[==========] 1 test from 1 test suite ran. (0 ms total)
[  PASSED  ] 1 test.
<end of output>
Test time =   0.02 sec
----------------------------------------------------------
Test Passed.
"TestStep.HistoryIsUpdatedWithAction" end time: Feb 23 05:07 EST
"TestStep.HistoryIsUpdatedWithAction" time elapsed: 00:00:00
----------------------------------------------------------

29/35 Testing: TestStep.HistoryAccumulatesActions
29/35 Test: TestStep.HistoryAccumulatesActions
Command: "/home/luca-miniati/programming/gto-plus-plus/gto++/build/tests/test_game_model" "--gtest_filter=TestStep.HistoryAccumulatesActions" "--gtest_also_run_disabled_tests"
Directory: /home/luca-miniati/programming/gto-plus-plus/gto++/build/tests
"TestStep.HistoryAccumulatesActions" start time: Feb 23 05:07 EST
Output:
----------------------------------------------------------
Running main() from /home/luca-miniati/programming/gto-plus-plus/gto++/build/_deps/googletest-src/googletest/src/gtest_main.cc
Note: Google Test filter = TestStep.HistoryAccumulatesActions
[==========] Running 1 test from 1 test suite.
[----------] Global test environment set-up.
[----------] 1 test from TestStep
[ RUN      ] TestStep.HistoryAccumulatesActions
[       OK ] TestStep.HistoryAccumulatesActions (0 ms)
[----------] 1 test from TestStep (0 ms total)

[----------] Global test environment tear-down
[==========] 1 test from 1 test suite ran. (0 ms total)
[  PASSED  ] 1 test.
<end of output>
Test time =   0.02 sec
----------------------------------------------------------
Test Passed.
"TestStep.HistoryAccumulatesActions" end time: Feb 23 05:07 EST
"TestStep.HistoryAccumulatesActions" time elapsed: 00:00:00
----------------------------------------------------------

30/35 Testing: TestStep.ThrowsOnTerminalState
30/35 Test: TestStep.ThrowsOnTerminalState
Command: "/home/luca-miniati/programming/gto-plus-plus/gto++/build/tests/test_game_model" "--gtest_filter=TestStep.ThrowsOnTerminalState" "--gtest_also_run_disabled_tests"
Directory: /home/luca-miniati/programming/gto-plus-plus/gto++/build/tests
"TestStep.ThrowsOnTerminalState" start time: Feb 23 05:07 EST
Output:
----------------------------------------------------------
Running main() from /home/luca-miniati/programming/gto-plus-plus/gto++/build/_deps/googletest-src/googletest/src/gtest_main.cc
Note: Google Test filter = TestStep.ThrowsOnTerminalState
[==========] Running 1 test from 1 test suite.
[----------] Global test environment set-up.
[----------] 1 test from TestStep
[ RUN      ] TestStep.ThrowsOnTerminalState
[       OK ] TestStep.ThrowsOnTerminalState (0 ms)
[----------] 1 test from TestStep (0 ms total)

[----------] Global test environment tear-down
[==========] 1 test from 1 test suite ran. (1 ms total)
[  PASSED  ] 1 test.
<end of output>
Test time =   0.03 sec
----------------------------------------------------------
Test Passed.
"TestStep.ThrowsOnTerminalState" end time: Feb 23 05:07 EST
"TestStep.ThrowsOnTerminalState" time elapsed: 00:00:00
----------------------------------------------------------

31/35 Testing: TestPublicInfoKey.TestSuitAbstraction
31/35 Test: TestPublicInfoKey.TestSuitAbstraction
Command: "/home/luca-miniati/programming/gto-plus-plus/gto++/build/tests/test_canonical_suit_abstraction" "--gtest_filter=TestPublicInfoKey.TestSuitAbstraction" "--gtest_also_run_disabled_tests"
Directory: /home/luca-miniati/programming/gto-plus-plus/gto++/build/tests
"TestPublicInfoKey.TestSuitAbstraction" start time: Feb 23 05:07 EST
Output:
----------------------------------------------------------
Running main() from /home/luca-miniati/programming/gto-plus-plus/gto++/build/_deps/googletest-src/googletest/src/gtest_main.cc
Note: Google Test filter = TestPublicInfoKey.TestSuitAbstraction
[==========] Running 1 test from 1 test suite.
[----------] Global test environment set-up.
[----------] 1 test from TestPublicInfoKey
[ RUN      ] TestPublicInfoKey.TestSuitAbstraction
[       OK ] TestPublicInfoKey.TestSuitAbstraction (0 ms)
[----------] 1 test from TestPublicInfoKey (0 ms total)

[----------] Global test environment tear-down
[==========] 1 test from 1 test suite ran. (0 ms total)
[  PASSED  ] 1 test.
<end of output>
Test time =   0.03 sec
----------------------------------------------------------
Test Passed.
"TestPublicInfoKey.TestSuitAbstraction" end time: Feb 23 05:07 EST
"TestPublicInfoKey.TestSuitAbstraction" time elapsed: 00:00:00
----------------------------------------------------------

32/35 Testing: TestPrivateInfoKey.TestSuitAbstraction
32/35 Test: TestPrivateInfoKey.TestSuitAbstraction
Command: "/home/luca-miniati/programming/gto-plus-plus/gto++/build/tests/test_canonical_suit_abstraction" "--gtest_filter=TestPrivateInfoKey.TestSuitAbstraction" "--gtest_also_run_disabled_tests"
Directory: /home/luca-miniati/programming/gto-plus-plus/gto++/build/tests
"TestPrivateInfoKey.TestSuitAbstraction" start time: Feb 23 05:07 EST
Output:
----------------------------------------------------------
Running main() from /home/luca-miniati/programming/gto-plus-plus/gto++/build/_deps/googletest-src/googletest/src/gtest_main.cc
Note: Google Test filter = TestPrivateInfoKey.TestSuitAbstraction
[==========] Running 1 test from 1 test suite.
[----------] Global test environment set-up.
[----------] 1 test from TestPrivateInfoKey
[ RUN      ] TestPrivateInfoKey.TestSuitAbstraction
[       OK ] TestPrivateInfoKey.TestSuitAbstraction (0 ms)
[----------] 1 test from TestPrivateInfoKey (0 ms total)

[----------] Global test environment tear-down
[==========] 1 test from 1 test suite ran. (0 ms total)
[  PASSED  ] 1 test.
<end of output>
Test time =   0.02 sec
----------------------------------------------------------
Test Passed.
"TestPrivateInfoKey.TestSuitAbstraction" end time: Feb 23 05:07 EST
"TestPrivateInfoKey.TestSuitAbstraction" time elapsed: 00:00:00
----------------------------------------------------------

33/35 Testing: TestPrivateInfoKey.TestGetAllPrivateInfoKeys
33/35 Test: TestPrivateInfoKey.TestGetAllPrivateInfoKeys
Command: "/home/luca-miniati/programming/gto-plus-plus/gto++/build/tests/test_canonical_suit_abstraction" "--gtest_filter=TestPrivateInfoKey.TestGetAllPrivateInfoKeys" "--gtest_also_run_disabled_tests"
Directory: /home/luca-miniati/programming/gto-plus-plus/gto++/build/tests
"TestPrivateInfoKey.TestGetAllPrivateInfoKeys" start time: Feb 23 05:07 EST
Output:
----------------------------------------------------------
Running main() from /home/luca-miniati/programming/gto-plus-plus/gto++/build/_deps/googletest-src/googletest/src/gtest_main.cc
Note: Google Test filter = TestPrivateInfoKey.TestGetAllPrivateInfoKeys
[==========] Running 1 test from 1 test suite.
[----------] Global test environment set-up.
[----------] 1 test from TestPrivateInfoKey
[ RUN      ] TestPrivateInfoKey.TestGetAllPrivateInfoKeys
[       OK ] TestPrivateInfoKey.TestGetAllPrivateInfoKeys (7 ms)
[----------] 1 test from TestPrivateInfoKey (7 ms total)

[----------] Global test environment tear-down
[==========] 1 test from 1 test suite ran. (7 ms total)
[  PASSED  ] 1 test.
<end of output>
Test time =   0.03 sec
----------------------------------------------------------
Test Passed.
"TestPrivateInfoKey.TestGetAllPrivateInfoKeys" end time: Feb 23 05:07 EST
"TestPrivateInfoKey.TestGetAllPrivateInfoKeys" time elapsed: 00:00:00
----------------------------------------------------------

34/35 Testing: TestTree.TestTrivialTree
34/35 Test: TestTree.TestTrivialTree
Command: "/home/luca-miniati/programming/gto-plus-plus/gto++/build/tests/test_tree" "--gtest_filter=TestTree.TestTrivialTree" "--gtest_also_run_disabled_tests"
Directory: /home/luca-miniati/programming/gto-plus-plus/gto++/build/tests
"TestTree.TestTrivialTree" start time: Feb 23 05:07 EST
Output:
----------------------------------------------------------
Running main() from /home/luca-miniati/programming/gto-plus-plus/gto++/build/_deps/googletest-src/googletest/src/gtest_main.cc
Note: Google Test filter = TestTree.TestTrivialTree
[==========] Running 1 test from 1 test suite.
[----------] Global test environment set-up.
[----------] 1 test from TestTree
[ RUN      ] TestTree.TestTrivialTree
[       OK ] TestTree.TestTrivialTree (64 ms)
[----------] 1 test from TestTree (65 ms total)

[----------] Global test environment tear-down
[==========] 1 test from 1 test suite ran. (65 ms total)
[  PASSED  ] 1 test.
<end of output>
Test time =   0.09 sec
----------------------------------------------------------
Test Passed.
"TestTree.TestTrivialTree" end time: Feb 23 05:07 EST
"TestTree.TestTrivialTree" time elapsed: 00:00:00
----------------------------------------------------------

35/35 Testing: TestTree.TestSmallTree
35/35 Test: TestTree.TestSmallTree
Command: "/home/luca-miniati/programming/gto-plus-plus/gto++/build/tests/test_tree" "--gtest_filter=TestTree.TestSmallTree" "--gtest_also_run_disabled_tests"
Directory: /home/luca-miniati/programming/gto-plus-plus/gto++/build/tests
"TestTree.TestSmallTree" start time: Feb 23 05:07 EST
Output:
----------------------------------------------------------
Running main() from /home/luca-miniati/programming/gto-plus-plus/gto++/build/_deps/googletest-src/googletest/src/gtest_main.cc
Note: Google Test filter = TestTree.TestSmallTree
[==========] Running 1 test from 1 test suite.
[----------] Global test environment set-up.
[----------] 1 test from TestTree
[ RUN      ] TestTree.TestSmallTree
[       OK ] TestTree.TestSmallTree (709 ms)
[----------] 1 test from TestTree (709 ms total)

[----------] Global test environment tear-down
[==========] 1 test from 1 test suite ran. (710 ms total)
[  PASSED  ] 1 test.
<end of output>
Test time =   0.79 sec
----------------------------------------------------------
Test Passed.
"TestTree.TestSmallTree" end time: Feb 23 05:07 EST
"TestTree.TestSmallTree" time elapsed: 00:00:00
----------------------------------------------------------

End testing: Feb 23 05:07 EST
